2026-04-10 08:18:19,971 | INFO | ==================================================
2026-04-10 08:18:19,971 | INFO |   ETL PIPELINE STARTED
2026-04-10 08:18:19,971 | INFO | ==================================================
2026-04-10 08:18:19,971 | INFO | --- STEP 1: EXTRACT ---
2026-04-10 08:18:19,971 | INFO | [EXTRACT] Reading file: data/superstore.csv
2026-04-10 08:18:19,972 | INFO | [EXTRACT] Success — 5 rows, 3 columns loaded
2026-04-10 08:18:19,972 | INFO | --- STEP 2: TRANSFORM ---
2026-04-10 08:18:19,972 | INFO | [TRANSFORM] Starting with 5 rows
2026-04-10 08:18:19,974 | ERROR | PIPELINE FAILED: 'order_date'
Traceback (most recent call last):
  File "/home/lakshmipathyramesh/anaconda3/envs/etl_env/lib/python3.11/site-packages/pandas/core/indexes/base.py", line 3805, in get_loc
    return self._engine.get_loc(casted_key)
           ^^^^^^^^^^^^^^^^^^^^^^^^^^^^^^^^
  File "index.pyx", line 167, in pandas._libs.index.IndexEngine.get_loc
  File "index.pyx", line 196, in pandas._libs.index.IndexEngine.get_loc
  File "pandas/_libs/hashtable_class_helper.pxi", line 7081, in pandas._libs.hashtable.PyObjectHashTable.get_item
  File "pandas/_libs/hashtable_class_helper.pxi", line 7089, in pandas._libs.hashtable.PyObjectHashTable.get_item
KeyError: 'order_date'

The above exception was the direct cause of the following exception:

Traceback (most recent call last):
  File "/home/lakshmipathyramesh/etl_project/pipeline.py", line 36, in run_pipeline
    clean_df = transform(raw_df)
               ^^^^^^^^^^^^^^^^^
  File "/home/lakshmipathyramesh/etl_project/transform.py", line 18, in transform
    df["order_date"] = pd.to_datetime(df["order_date"], errors="coerce")
                                      ~~^^^^^^^^^^^^^^
  File "/home/lakshmipathyramesh/anaconda3/envs/etl_env/lib/python3.11/site-packages/pandas/core/frame.py", line 4102, in __getitem__
    indexer = self.columns.get_loc(key)
              ^^^^^^^^^^^^^^^^^^^^^^^^^
  File "/home/lakshmipathyramesh/anaconda3/envs/etl_env/lib/python3.11/site-packages/pandas/core/indexes/base.py", line 3812, in get_loc
    raise KeyError(key) from err
KeyError: 'order_date'
